[2023-09-08T02:00:51.305Z] [INFO] Request URL: /loggerTest
[2023-09-08T02:02:01.877Z] [INFO] Request URL: /loggerTest
[2023-09-08T02:02:01.880Z] [DEBUG] Production debug message
[2023-09-08T02:02:01.880Z] [HTTP] Production HTTP message
[2023-09-08T02:02:01.881Z] [INFO] Production info message
[2023-09-08T02:02:01.881Z] [WARNING] Production warning message
[2023-09-08T02:02:01.881Z] [ERROR] Production error message
[2023-09-20T20:07:17.305Z] [INFO] Request URL: /
[2023-09-20T20:07:17.860Z] [INFO] Request URL: /favicon.ico
[2023-09-20T20:07:22.851Z] [INFO] Request URL: /login
[2023-09-20T20:30:13.650Z] [INFO] Request URL: /register
[2023-09-20T20:30:34.197Z] [INFO] Request URL: /login
[2023-09-22T16:38:34.898Z] [INFO] Request URL: /api/products/64f1638f800eba5f54657f82
[2023-09-22T16:48:15.496Z] [INFO] Request URL: /
[2023-09-22T16:48:17.995Z] [INFO] Request URL: /register
[2023-09-22T16:48:38.241Z] [INFO] Request URL: /login
[2023-09-22T16:48:43.110Z] [INFO] Request URL: /
[2023-09-22T17:52:39.635Z] [INFO] Request URL: /
[2023-09-22T17:52:40.198Z] [INFO] Request URL: /favicon.ico
[2023-09-22T17:52:42.702Z] [INFO] Request URL: /login
[2023-09-22T17:52:43.714Z] [INFO] Request URL: /favicon.ico
[2023-09-22T17:52:58.611Z] [INFO] Request URL: /
[2023-09-22T18:14:49.558Z] [INFO] Request URL: /api/products
[2023-09-22T18:20:58.525Z] [INFO] Request URL: /api/sessions/change-role/s%3A5PzF_O70N2TluMCTPzFfinLNQDoRCO_c.%2F0qw14xq3TtrDTeG7Has5C7xuvCh6RwqMl2P%2FZD%2BroE
[2023-09-22T18:21:03.584Z] [INFO] Request URL: /api/sessions/change-role/s%3A5PzF_O70N2TluMCTPzFfinLNQDoRCO_c.%2F0qw14xq3TtrDTeG7Has5C7xuvCh6RwqMl2P%2FZD%2BroE
[2023-09-22T18:22:59.218Z] [INFO] Request URL: /api/sessions/change-role/650dc5650b82309df70641d3
[2023-09-22T18:40:23.133Z] [INFO] Request URL: /
[2023-09-22T18:40:26.174Z] [INFO] Request URL: /
[2023-09-22T18:40:27.976Z] [INFO] Request URL: /
[2023-09-22T18:41:08.315Z] [INFO] Request URL: /favicon.ico
[2023-09-22T18:42:52.912Z] [INFO] Request URL: /
[2023-09-22T18:47:40.910Z] [INFO] Request URL: /login
[2023-09-22T18:47:46.620Z] [INFO] Request URL: /
[2023-09-22T18:49:32.963Z] [INFO] Request URL: /
[2023-09-22T18:49:38.145Z] [INFO] Request URL: /login
[2023-09-22T18:49:39.526Z] [INFO] Request URL: /register
[2023-09-22T18:49:50.423Z] [INFO] Request URL: /login
[2023-09-22T18:49:55.504Z] [INFO] Request URL: /
[2023-09-22T18:55:08.949Z] [INFO] Request URL: /
[2023-09-22T18:55:23.833Z] [INFO] Request URL: /login
[2023-09-22T18:55:45.123Z] [INFO] Request URL: /
[2023-09-22T18:55:45.613Z] [INFO] Request URL: /favicon.ico
[2023-09-22T18:58:51.376Z] [INFO] Request URL: /login
[2023-09-22T18:58:51.716Z] [INFO] Request URL: /favicon.ico
[2023-09-22T18:58:56.155Z] [INFO] Request URL: /
[2023-09-22T22:37:43.391Z] [INFO] Request URL: /login
[2023-09-22T22:38:21.031Z] [INFO] Request URL: /
[2023-09-22T22:38:21.500Z] [INFO] Request URL: /favicon.ico
[2023-09-22T23:03:49.599Z] [INFO] Request URL: /login
[2023-09-22T23:03:49.935Z] [INFO] Request URL: /favicon.ico
[2023-09-22T23:03:54.128Z] [INFO] Request URL: /
[2023-09-22T23:33:49.074Z] [INFO] Request URL: /products
[2023-09-22T23:33:50.716Z] [INFO] Request URL: /products/64f162bc082b727026abdba2/add-to-cart
[2023-09-22T23:41:30.894Z] [INFO] Request URL: /products/64f162bc082b727026abdba2/add-to-cart
[2023-09-22T23:43:18.430Z] [INFO] Request URL: /products/64f162bc082b727026abdba2/add-to-cart
[2023-09-22T23:47:58.815Z] [INFO] Request URL: /products/64f162bc082b727026abdba2/add-to-cart
[2023-09-22T23:47:59.557Z] [INFO] Request URL: /products/64f162bc082b727026abdba2/add-to-cart
[2023-09-22T23:48:18.503Z] [INFO] Request URL: /products/64f1638f800eba5f54657f74/add-to-cart
[2023-09-22T23:48:41.611Z] [INFO] Request URL: /products/64f1638f800eba5f54657f74/add-to-cart
[2023-09-22T23:54:04.108Z] [INFO] Request URL: /products/64f1638f800eba5f54657f74/add-to-cart
[2023-09-22T23:54:17.372Z] [INFO] Request URL: /products/64f1638f800eba5f54657f74/add-to-cart
[2023-09-22T23:54:42.806Z] [INFO] Request URL: /products/64f1638f800eba5f54657f74/add-to-cart
[2023-09-22T23:55:10.758Z] [INFO] Request URL: /products
[2023-09-22T23:55:12.103Z] [INFO] Request URL: /favicon.ico
[2023-09-22T23:56:11.121Z] [INFO] Request URL: /products/64f162bc082b727026abdba2/add-to-cart
[2023-09-26T15:23:27.342Z] [INFO] Request URL: /apidocs
[2023-09-26T15:23:40.623Z] [INFO] Request URL: /
[2023-09-26T15:23:56.061Z] [INFO] Request URL: /
[2023-10-06T23:14:13.223Z] [INFO] Request URL: /
[2023-10-06T23:14:13.768Z] [INFO] Request URL: /favicon.ico
[2023-10-06T23:14:18.794Z] [INFO] Request URL: /products
[2023-10-07T15:57:16.306Z] [INFO] Request URL: /
[2023-10-07T15:57:19.895Z] [INFO] Request URL: /login
[2023-10-07T16:00:57.759Z] [INFO] Request URL: /
[2023-10-07T16:14:04.063Z] [INFO] Request URL: /realtimeproducts
[2023-10-07T16:43:24.076Z] [INFO] Request URL: /api/carts/650e245e41c88c9da1f7b8ba/products/64f1638f800eba5f54657f75
[2023-10-07T17:10:07.683Z] [INFO] Request URL: /api/sessions/recover-password
[2023-10-07T17:12:13.059Z] [INFO] Request URL: /api/sessions/recover-password
[2023-10-07T17:15:44.716Z] [INFO] Request URL: /api/sessions/recover-password/gurbinaia@gmail.com
[2023-10-07T17:23:47.554Z] [INFO] Request URL: /api/sessions/recover-password/gurbinaia@gmail.com
[2023-10-07T17:26:32.113Z] [INFO] Request URL: /api/sessions/recover-password/gurbinaia@gmail.com
[2023-10-07T17:26:45.871Z] [INFO] Request URL: /api/sessions/recover-password/gurbinaia@gmail.com
[2023-10-07T17:32:13.716Z] [INFO] Request URL: /api/sessions/send-recover-mail/gurbinaia@gmail.com
[2023-10-07T17:35:36.188Z] [INFO] Request URL: /api/sessions/send-recover-mail/fesfewfewfew@gmail.com
[2023-10-07T17:38:31.581Z] [INFO] Request URL: /api/sessions/send-recover-mail/fesfewfewfew@gmail.com
[2023-10-07T17:39:31.281Z] [INFO] Request URL: /api/sessions/send-recover-mail/fesfewfewfew@gmail.com
[2023-10-07T17:41:57.560Z] [INFO] Request URL: /api/sessions/send-recover-mail/fesfewfewfew@gmail.com
[2023-10-07T17:44:43.181Z] [INFO] Request URL: /api/sessions/send-recover-mail/fesfewfewfew@gmail.com
[2023-10-07T17:47:52.858Z] [INFO] Request URL: /api/sessions/send-recover-mail/fesfewfewfew@gmail.com
[2023-10-07T17:50:19.554Z] [INFO] Request URL: /api/sessions/send-recover-mail/fesfewfewfew@gmail.com
[2023-10-07T17:53:42.639Z] [INFO] Request URL: /api/sessions/send-recover-mail/fesfewfewfew@gmail.com
[2023-10-07T17:55:19.076Z] [INFO] Request URL: /api/sessions/send-recover-mail/fesfewfewfew@gmail.com
[2023-10-07T17:59:42.503Z] [INFO] Request URL: /api/sessions/send-recover-mail/fesfewfewfew@gmail.com
[2023-10-07T18:04:49.030Z] [INFO] Request URL: /api/sessions/send-recover-mail/gurbinaia@gmail.com
[2023-10-07T18:05:38.826Z] [INFO] Request URL: /api/sessions/send-recover-mail/gurbinaia@gmail.com
[2023-10-07T18:07:40.821Z] [INFO] Request URL: /api/sessions/send-recover-mail/fesfewfewfew@gmail.com
[2023-10-07T18:08:47.049Z] [INFO] Request URL: /api/sessions/send-recover-mail/fesfewfewfew@gmail.com
[2023-10-07T18:13:43.543Z] [INFO] Request URL: /api/sessions/send-recover-mail/fesfewfewfew@gmail.com
[2023-10-07T18:15:05.304Z] [INFO] Request URL: /api/sessions/send-recover-mail/fesfewfewfew@gmail.com
[2023-10-07T18:16:26.199Z] [INFO] Request URL: /api/sessions/send-recover-mail/fesfewfewfew@gmail.com
